<?xml version="1.0" encoding="UTF-8"?>
<testsuite xmlns:xsi="http://www.w3.org/2001/XMLSchema-instance" xsi:noNamespaceSchemaLocation="https://maven.apache.org/surefire/maven-surefire-plugin/xsd/surefire-test-report-3.0.xsd" version="3.0" name="TestSuite" time="45.293" tests="4" errors="0" skipped="0" failures="0">
  <properties>
[...]
</properties>
  <testcase name="basePageNavigation" classname="Academy.E2EProject.ValidateNavigation" time="0.39">
    <system-err><![CDATA[SLF4J: Failed to load class "org.slf4j.impl.StaticLoggerBinder".
SLF4J: Defaulting to no-operation (NOP) logger implementation
SLF4J: See http://www.slf4j.org/codes.html#StaticLoggerBinder for further details.
SSStttaaarrtritnig ChromeDriver 9nt0.0.4430.24 (4c6d850f087da467d926e8eddb76550aedigng ChromeDriver 90.0.4463505 9C9.h2r14o-m re(eD4rcfi6svd/8eb5rr0 a9f00n.8c07hd.-a4h44e63a70d.ds92/424 64(e3480ec@d6{dd8b#57406f25095}807)ad eodn 6p5o5rt9 9417-75r2ef
Osn/lbyr laonccahl -choenandesct/i4o4n3s 0a@r{e #a4lla24o9w}6e7)dd .9o2n
6 Pepl8oeerdatsd eb3 716s0e525e20 ah
etOtdnp6ls5y: 5/l9/o9cc1ah-rlro ecmfeosdn/rnbreiancvcteh-irh.oeancdshsr /4ao4rm3e0i u@a{m#l.lo4or2gw9e/}ds).ec u
orPnli tepyaos-rtce o 33ns5se2ei6d 
hertaOttnpilsyo: n//sclh orofcmoaelrdr  icvsoeunnergc.gcthersotiimonions su omarn.e k oeareglpl/iosnewgecdu .Crhir
toPyml-eecDaornsesi ivsdeeerer a shtatiftposen.:s/ 
/fcorh rsoumggeedsrtiiovnesr o.nc hkereopmiinumg. Corhgr/omseecDurriivtey-rc osnafsied.
erations for suggestions on keeping ChromeDriver safe.
ChromeDriver was started successfully.
ChromeDriver was started successfully.
ChromeDriver was started successfully.
May 13, 2021 8:33:39 AM org.openqa.selenium.remote.ProtocolHandshake createSession
INFO: Detected dialect: W3C
May 13, 2021 8:33:39 AM org.openqa.selenium.remote.ProtocolHandshake createSession
INFO: Detected dialect: W3C
May 13, 2021 8:33:39 AM org.openqa.selenium.remote.ProtocolHandshake createSession
INFO: Detected dialect: W3C
]]></system-err>
  </testcase>
  <testcase name="initialize" classname="Academy.E2EProject.ValidateTitle" time="14.452">
    <system-err><![CDATA[Starting ChromeDriver 90.0.4430.24 (4c6d850f087da467d926e8eddb76550aed655991-refs/branch-heads/4430@{#429}) on port 29641
Only local connections are allowed.
Please see https://chromedriver.chromium.org/security-considerations for suggestions on keeping ChromeDriver safe.
ChromeDriver was started successfully.
May 13, 2021 8:33:52 AM org.openqa.selenium.remote.ProtocolHandshake createSession
INFO: Detected dialect: W3C
]]></system-err>
  </testcase>
  <testcase name="basePageNavigation[nonrestricteduser, 123](1)" classname="Academy.E2EProject.HomePage" time="16.54"/>
  <testcase name="basePageNavigation[restricteduser, 123](2)" classname="Academy.E2EProject.HomePage" time="5.443"/>
</testsuite>